<?xml version="1.0" encoding="UTF-8" ?>
<testsuite tests="6" failures="0" name="fr.adaming.test.EtudiantDaoImplTest" time="0.482" errors="0" skipped="0">
  <properties>
[...]
</properties>
  <testcase classname="fr.adaming.test.EtudiantDaoImplTest" name="testUpdateEtudiant" time="0.125"/>
  <testcase classname="fr.adaming.test.EtudiantDaoImplTest" name="testGetAllEtudiantTaille" time="0.172"/>
  <testcase classname="fr.adaming.test.EtudiantDaoImplTest" name="testGetAllEtudiantById" time="0.036"/>
  <testcase classname="fr.adaming.test.EtudiantDaoImplTest" name="testGetAllEtudiantByIdNom" time="0.038"/>
  <testcase classname="fr.adaming.test.EtudiantDaoImplTest" name="testAddEtudiant" time="0.065"/>
  <testcase classname="fr.adaming.test.EtudiantDaoImplTest" name="testGetAllEtudiantNom" time="0.046"/>
</testsuite>